<?xml version="1.0" encoding="UTF-8"?>
<!-- Generated by org.testng.reporters.JUnitXMLReporter -->
<testsuite ignored="0" hostname="DatoPC" failures="12" tests="13" name="TestSuit1" time="71.757" errors="0" timestamp="2023-02-13T15:04:13 GET">
  <testcase classname="Office1" name="Search" time="3.273"/>
  <testcase classname="Office1" name="Test2" time="5.516">
    <failure type="com.codeborne.selenide.ex.InvalidStateException" message="Invalid element state [.search]: element click intercepted: Element &amp;lt;div class=&amp;quot;search&amp;quot;&amp;gt;...&amp;lt;/div&amp;gt; is not clickable at point (1455, 23). Other element would receive the click: &amp;lt;div class=&amp;quot;modal-overlay&amp;quot; style=&amp;quot;z-index: 1002; display: block; opacity: 0.5;&amp;quot;&amp;gt;&amp;lt;/div&amp;gt;
Screenshot: file:/C:/Users/99559/Desktop/Officemart/build/reports/tests/1676286195647.0.png
Page source: file:/C:/Users/99559/Desktop/Officemart/build/reports/tests/1676286195647.0.html
Timeout: 4 s.
Caused by: ElementClickInterceptedException: element click intercepted: Element &amp;lt;div class=&amp;quot;search&amp;quot;&amp;gt;...&amp;lt;/div&amp;gt; is not clickable at point (1455, 23). Other element would receive the click: &amp;lt;div class=&amp;quot;modal-overlay&amp;quot; style=&amp;quot;z-index: 1002; display: block; opacity: 0.5;&amp;quot;&amp;gt;&amp;lt;/div&amp;gt;">
      <![CDATA[Invalid element state [.search]: element click intercepted: Element <div class="search">...</div> is not clickable at point (1455, 23). Other element would receive the click: <div class="modal-overlay" style="z-index: 1002; display: block; opacity: 0.5;"></div>
Screenshot: file:/C:/Users/99559/Desktop/Officemart/build/reports/tests/1676286195647.0.png
Page source: file:/C:/Users/99559/Desktop/Officemart/build/reports/tests/1676286195647.0.html
Timeout: 4 s.
Caused by: ElementClickInterceptedException: element click intercepted: Element <div class="search">...</div> is not clickable at point (1455, 23). Other element would receive the click: <div class="modal-overlay" style="z-index: 1002; display: block; opacity: 0.5;"></div>
at com.codeborne.selenide.impl.ExceptionWrapper.wrap(ExceptionWrapper.java:26)
at com.codeborne.selenide.impl.SelenideElementProxy.dispatchAndRetry(SelenideElementProxy.java:153)
at com.codeborne.selenide.impl.SelenideElementProxy.invoke(SelenideElementProxy.java:83)
at jdk.proxy2/jdk.proxy2.$Proxy12.click(Unknown Source)
at StepObject.SearchSteps.GotoSearchPage(SearchSteps.java:11)
at Office1.Test2(Office1.java:26)
at java.base/java.util.ArrayList.forEach(ArrayList.java:1511)
at java.base/java.util.concurrent.FutureTask.run(FutureTask.java:317)
at java.base/java.util.concurrent.ThreadPoolExecutor.runWorker(ThreadPoolExecutor.java:1144)
at java.base/java.util.concurrent.ThreadPoolExecutor$Worker.run(ThreadPoolExecutor.java:642)
at java.base/java.lang.Thread.run(Thread.java:1589)
Caused by: org.openqa.selenium.ElementClickInterceptedException: element click intercepted: Element <div class="search">...</div> is not clickable at point (1455, 23). Other element would receive the click: <div class="modal-overlay" style="z-index: 1002; display: block; opacity: 0.5;"></div>
  (Session info: chrome=109.0.5414.120)
Build info: version: '4.8.0', revision: '267030adea'
System info: os.name: 'Windows 11', os.arch: 'amd64', os.version: '10.0', java.version: '19.0.2'
Driver info: org.openqa.selenium.chrome.ChromeDriver
Command: [db19b51aa582ddb02f292bceb659c89d, clickElement {id=259a2417-ac7f-4e71-aa3b-0a05b3f48fb0}]
Capabilities {acceptInsecureCerts: true, browserName: chrome, browserVersion: 109.0.5414.120, chrome: {chromedriverVersion: 109.0.5414.74 (e7c5703604da..., userDataDir: C:\Users\99559\AppData\Loca...}, goog:chromeOptions: {debuggerAddress: localhost:60460}, networkConnectionEnabled: false, pageLoadStrategy: normal, platformName: WINDOWS, proxy: Proxy(), se:cdp: ws://localhost:60460/devtoo..., se:cdpVersion: 109.0.5414.120, setWindowRect: true, strictFileInteractability: false, timeouts: {implicit: 0, pageLoad: 300000, script: 30000}, unhandledPromptBehavior: accept, webauthn:extension:credBlob: true, webauthn:extension:largeBlob: true, webauthn:virtualAuthenticators: true}
Element: [[ChromeDriver: chrome on WINDOWS (db19b51aa582ddb02f292bceb659c89d)] -> css selector: .search]
Session ID: db19b51aa582ddb02f292bceb659c89d
at org.openqa.selenium.remote.codec.w3c.W3CHttpResponseCodec.createException(W3CHttpResponseCodec.java:200)
at org.openqa.selenium.remote.codec.w3c.W3CHttpResponseCodec.decode(W3CHttpResponseCodec.java:133)
at org.openqa.selenium.remote.codec.w3c.W3CHttpResponseCodec.decode(W3CHttpResponseCodec.java:53)
at org.openqa.selenium.remote.HttpCommandExecutor.execute(HttpCommandExecutor.java:184)
at org.openqa.selenium.remote.service.DriverCommandExecutor.invokeExecute(DriverCommandExecutor.java:167)
at org.openqa.selenium.remote.service.DriverCommandExecutor.execute(DriverCommandExecutor.java:142)
at org.openqa.selenium.remote.RemoteWebDriver.execute(RemoteWebDriver.java:543)
at org.openqa.selenium.remote.RemoteWebElement.execute(RemoteWebElement.java:257)
at org.openqa.selenium.remote.RemoteWebElement.click(RemoteWebElement.java:78)
at com.codeborne.selenide.commands.Click.defaultClick(Click.java:97)
at com.codeborne.selenide.commands.Click.click(Click.java:54)
at com.codeborne.selenide.commands.Click.execute(Click.java:31)
at com.codeborne.selenide.commands.Click.execute(Click.java:21)
at com.codeborne.selenide.commands.Commands.execute(Commands.java:159)
at com.codeborne.selenide.impl.SelenideElementProxy.dispatchAndRetry(SelenideElementProxy.java:131)
... 24 more
... Removed 18 stack frames]]>
    </failure>
  </testcase> <!-- Test2 -->
  <testcase classname="Office1" name="Test3" time="5.476">
    <failure type="com.codeborne.selenide.ex.InvalidStateException" message="Invalid element state [.search]: element click intercepted: Element &amp;lt;div class=&amp;quot;search&amp;quot;&amp;gt;...&amp;lt;/div&amp;gt; is not clickable at point (1455, 23). Other element would receive the click: &amp;lt;div class=&amp;quot;modal-overlay&amp;quot; style=&amp;quot;z-index: 1002; display: block; opacity: 0.5;&amp;quot;&amp;gt;&amp;lt;/div&amp;gt;
Screenshot: file:/C:/Users/99559/Desktop/Officemart/build/reports/tests/1676286201097.1.png
Page source: file:/C:/Users/99559/Desktop/Officemart/build/reports/tests/1676286201097.1.html
Timeout: 4 s.
Caused by: ElementClickInterceptedException: element click intercepted: Element &amp;lt;div class=&amp;quot;search&amp;quot;&amp;gt;...&amp;lt;/div&amp;gt; is not clickable at point (1455, 23). Other element would receive the click: &amp;lt;div class=&amp;quot;modal-overlay&amp;quot; style=&amp;quot;z-index: 1002; display: block; opacity: 0.5;&amp;quot;&amp;gt;&amp;lt;/div&amp;gt;">
      <![CDATA[Invalid element state [.search]: element click intercepted: Element <div class="search">...</div> is not clickable at point (1455, 23). Other element would receive the click: <div class="modal-overlay" style="z-index: 1002; display: block; opacity: 0.5;"></div>
Screenshot: file:/C:/Users/99559/Desktop/Officemart/build/reports/tests/1676286201097.1.png
Page source: file:/C:/Users/99559/Desktop/Officemart/build/reports/tests/1676286201097.1.html
Timeout: 4 s.
Caused by: ElementClickInterceptedException: element click intercepted: Element <div class="search">...</div> is not clickable at point (1455, 23). Other element would receive the click: <div class="modal-overlay" style="z-index: 1002; display: block; opacity: 0.5;"></div>
at com.codeborne.selenide.impl.ExceptionWrapper.wrap(ExceptionWrapper.java:26)
at com.codeborne.selenide.impl.SelenideElementProxy.dispatchAndRetry(SelenideElementProxy.java:153)
at com.codeborne.selenide.impl.SelenideElementProxy.invoke(SelenideElementProxy.java:83)
at jdk.proxy2/jdk.proxy2.$Proxy12.click(Unknown Source)
at StepObject.SearchSteps.GotoSearchPage(SearchSteps.java:11)
at Office1.Test3(Office1.java:37)
at java.base/java.util.ArrayList.forEach(ArrayList.java:1511)
at java.base/java.util.concurrent.FutureTask.run(FutureTask.java:317)
at java.base/java.util.concurrent.ThreadPoolExecutor.runWorker(ThreadPoolExecutor.java:1144)
at java.base/java.util.concurrent.ThreadPoolExecutor$Worker.run(ThreadPoolExecutor.java:642)
at java.base/java.lang.Thread.run(Thread.java:1589)
Caused by: org.openqa.selenium.ElementClickInterceptedException: element click intercepted: Element <div class="search">...</div> is not clickable at point (1455, 23). Other element would receive the click: <div class="modal-overlay" style="z-index: 1002; display: block; opacity: 0.5;"></div>
  (Session info: chrome=109.0.5414.120)
Build info: version: '4.8.0', revision: '267030adea'
System info: os.name: 'Windows 11', os.arch: 'amd64', os.version: '10.0', java.version: '19.0.2'
Driver info: org.openqa.selenium.chrome.ChromeDriver
Command: [db19b51aa582ddb02f292bceb659c89d, clickElement {id=259a2417-ac7f-4e71-aa3b-0a05b3f48fb0}]
Capabilities {acceptInsecureCerts: true, browserName: chrome, browserVersion: 109.0.5414.120, chrome: {chromedriverVersion: 109.0.5414.74 (e7c5703604da..., userDataDir: C:\Users\99559\AppData\Loca...}, goog:chromeOptions: {debuggerAddress: localhost:60460}, networkConnectionEnabled: false, pageLoadStrategy: normal, platformName: WINDOWS, proxy: Proxy(), se:cdp: ws://localhost:60460/devtoo..., se:cdpVersion: 109.0.5414.120, setWindowRect: true, strictFileInteractability: false, timeouts: {implicit: 0, pageLoad: 300000, script: 30000}, unhandledPromptBehavior: accept, webauthn:extension:credBlob: true, webauthn:extension:largeBlob: true, webauthn:virtualAuthenticators: true}
Element: [[ChromeDriver: chrome on WINDOWS (db19b51aa582ddb02f292bceb659c89d)] -> css selector: .search]
Session ID: db19b51aa582ddb02f292bceb659c89d
at org.openqa.selenium.remote.codec.w3c.W3CHttpResponseCodec.createException(W3CHttpResponseCodec.java:200)
at org.openqa.selenium.remote.codec.w3c.W3CHttpResponseCodec.decode(W3CHttpResponseCodec.java:133)
at org.openqa.selenium.remote.codec.w3c.W3CHttpResponseCodec.decode(W3CHttpResponseCodec.java:53)
at org.openqa.selenium.remote.HttpCommandExecutor.execute(HttpCommandExecutor.java:184)
at org.openqa.selenium.remote.service.DriverCommandExecutor.invokeExecute(DriverCommandExecutor.java:167)
at org.openqa.selenium.remote.service.DriverCommandExecutor.execute(DriverCommandExecutor.java:142)
at org.openqa.selenium.remote.RemoteWebDriver.execute(RemoteWebDriver.java:543)
at org.openqa.selenium.remote.RemoteWebElement.execute(RemoteWebElement.java:257)
at org.openqa.selenium.remote.RemoteWebElement.click(RemoteWebElement.java:78)
at com.codeborne.selenide.commands.Click.defaultClick(Click.java:97)
at com.codeborne.selenide.commands.Click.click(Click.java:54)
at com.codeborne.selenide.commands.Click.execute(Click.java:31)
at com.codeborne.selenide.commands.Click.execute(Click.java:21)
at com.codeborne.selenide.commands.Commands.execute(Commands.java:159)
at com.codeborne.selenide.impl.SelenideElementProxy.dispatchAndRetry(SelenideElementProxy.java:131)
... 24 more
... Removed 18 stack frames]]>
    </failure>
  </testcase> <!-- Test3 -->
  <testcase classname="Office1" name="Test4" time="6.802">
    <failure type="com.codeborne.selenide.ex.InvalidStateException" message="Invalid element state [.search]: element click intercepted: Element &amp;lt;div class=&amp;quot;search&amp;quot;&amp;gt;...&amp;lt;/div&amp;gt; is not clickable at point (1455, 23). Other element would receive the click: &amp;lt;div class=&amp;quot;modal-overlay&amp;quot; style=&amp;quot;z-index: 1002; display: block; opacity: 0.5;&amp;quot;&amp;gt;&amp;lt;/div&amp;gt;
Screenshot: file:/C:/Users/99559/Desktop/Officemart/build/reports/tests/1676286206598.2.png
Page source: file:/C:/Users/99559/Desktop/Officemart/build/reports/tests/1676286206598.2.html
Timeout: 4 s.
Caused by: ElementClickInterceptedException: element click intercepted: Element &amp;lt;div class=&amp;quot;search&amp;quot;&amp;gt;...&amp;lt;/div&amp;gt; is not clickable at point (1455, 23). Other element would receive the click: &amp;lt;div class=&amp;quot;modal-overlay&amp;quot; style=&amp;quot;z-index: 1002; display: block; opacity: 0.5;&amp;quot;&amp;gt;&amp;lt;/div&amp;gt;">
      <![CDATA[Invalid element state [.search]: element click intercepted: Element <div class="search">...</div> is not clickable at point (1455, 23). Other element would receive the click: <div class="modal-overlay" style="z-index: 1002; display: block; opacity: 0.5;"></div>
Screenshot: file:/C:/Users/99559/Desktop/Officemart/build/reports/tests/1676286206598.2.png
Page source: file:/C:/Users/99559/Desktop/Officemart/build/reports/tests/1676286206598.2.html
Timeout: 4 s.
Caused by: ElementClickInterceptedException: element click intercepted: Element <div class="search">...</div> is not clickable at point (1455, 23). Other element would receive the click: <div class="modal-overlay" style="z-index: 1002; display: block; opacity: 0.5;"></div>
at com.codeborne.selenide.impl.ExceptionWrapper.wrap(ExceptionWrapper.java:26)
at com.codeborne.selenide.impl.SelenideElementProxy.dispatchAndRetry(SelenideElementProxy.java:153)
at com.codeborne.selenide.impl.SelenideElementProxy.invoke(SelenideElementProxy.java:83)
at jdk.proxy2/jdk.proxy2.$Proxy12.click(Unknown Source)
at StepObject.SearchSteps.GotoSearchPage(SearchSteps.java:11)
at Office1.Test4(Office1.java:59)
at java.base/java.util.ArrayList.forEach(ArrayList.java:1511)
at java.base/java.util.concurrent.FutureTask.run(FutureTask.java:317)
at java.base/java.util.concurrent.ThreadPoolExecutor.runWorker(ThreadPoolExecutor.java:1144)
at java.base/java.util.concurrent.ThreadPoolExecutor$Worker.run(ThreadPoolExecutor.java:642)
at java.base/java.lang.Thread.run(Thread.java:1589)
Caused by: org.openqa.selenium.ElementClickInterceptedException: element click intercepted: Element <div class="search">...</div> is not clickable at point (1455, 23). Other element would receive the click: <div class="modal-overlay" style="z-index: 1002; display: block; opacity: 0.5;"></div>
  (Session info: chrome=109.0.5414.120)
Build info: version: '4.8.0', revision: '267030adea'
System info: os.name: 'Windows 11', os.arch: 'amd64', os.version: '10.0', java.version: '19.0.2'
Driver info: org.openqa.selenium.chrome.ChromeDriver
Command: [db19b51aa582ddb02f292bceb659c89d, clickElement {id=259a2417-ac7f-4e71-aa3b-0a05b3f48fb0}]
Capabilities {acceptInsecureCerts: true, browserName: chrome, browserVersion: 109.0.5414.120, chrome: {chromedriverVersion: 109.0.5414.74 (e7c5703604da..., userDataDir: C:\Users\99559\AppData\Loca...}, goog:chromeOptions: {debuggerAddress: localhost:60460}, networkConnectionEnabled: false, pageLoadStrategy: normal, platformName: WINDOWS, proxy: Proxy(), se:cdp: ws://localhost:60460/devtoo..., se:cdpVersion: 109.0.5414.120, setWindowRect: true, strictFileInteractability: false, timeouts: {implicit: 0, pageLoad: 300000, script: 30000}, unhandledPromptBehavior: accept, webauthn:extension:credBlob: true, webauthn:extension:largeBlob: true, webauthn:virtualAuthenticators: true}
Element: [[ChromeDriver: chrome on WINDOWS (db19b51aa582ddb02f292bceb659c89d)] -> css selector: .search]
Session ID: db19b51aa582ddb02f292bceb659c89d
at org.openqa.selenium.remote.codec.w3c.W3CHttpResponseCodec.createException(W3CHttpResponseCodec.java:200)
at org.openqa.selenium.remote.codec.w3c.W3CHttpResponseCodec.decode(W3CHttpResponseCodec.java:133)
at org.openqa.selenium.remote.codec.w3c.W3CHttpResponseCodec.decode(W3CHttpResponseCodec.java:53)
at org.openqa.selenium.remote.HttpCommandExecutor.execute(HttpCommandExecutor.java:184)
at org.openqa.selenium.remote.service.DriverCommandExecutor.invokeExecute(DriverCommandExecutor.java:167)
at org.openqa.selenium.remote.service.DriverCommandExecutor.execute(DriverCommandExecutor.java:142)
at org.openqa.selenium.remote.RemoteWebDriver.execute(RemoteWebDriver.java:543)
at org.openqa.selenium.remote.RemoteWebElement.execute(RemoteWebElement.java:257)
at org.openqa.selenium.remote.RemoteWebElement.click(RemoteWebElement.java:78)
at com.codeborne.selenide.commands.Click.defaultClick(Click.java:97)
at com.codeborne.selenide.commands.Click.click(Click.java:54)
at com.codeborne.selenide.commands.Click.execute(Click.java:31)
at com.codeborne.selenide.commands.Click.execute(Click.java:21)
at com.codeborne.selenide.commands.Commands.execute(Commands.java:159)
at com.codeborne.selenide.impl.SelenideElementProxy.dispatchAndRetry(SelenideElementProxy.java:131)
... 24 more
... Removed 18 stack frames]]>
    </failure>
  </testcase> <!-- Test4 -->
  <testcase classname="Office1" name="Test5" time="5.428">
    <failure type="com.codeborne.selenide.ex.InvalidStateException" message="Invalid element state [.search]: element click intercepted: Element &amp;lt;div class=&amp;quot;search&amp;quot;&amp;gt;...&amp;lt;/div&amp;gt; is not clickable at point (1455, 23). Other element would receive the click: &amp;lt;div class=&amp;quot;modal-overlay&amp;quot; style=&amp;quot;z-index: 1002; display: block; opacity: 0.5;&amp;quot;&amp;gt;&amp;lt;/div&amp;gt;
Screenshot: file:/C:/Users/99559/Desktop/Officemart/build/reports/tests/1676286213392.3.png
Page source: file:/C:/Users/99559/Desktop/Officemart/build/reports/tests/1676286213392.3.html
Timeout: 4 s.
Caused by: ElementClickInterceptedException: element click intercepted: Element &amp;lt;div class=&amp;quot;search&amp;quot;&amp;gt;...&amp;lt;/div&amp;gt; is not clickable at point (1455, 23). Other element would receive the click: &amp;lt;div class=&amp;quot;modal-overlay&amp;quot; style=&amp;quot;z-index: 1002; display: block; opacity: 0.5;&amp;quot;&amp;gt;&amp;lt;/div&amp;gt;">
      <![CDATA[Invalid element state [.search]: element click intercepted: Element <div class="search">...</div> is not clickable at point (1455, 23). Other element would receive the click: <div class="modal-overlay" style="z-index: 1002; display: block; opacity: 0.5;"></div>
Screenshot: file:/C:/Users/99559/Desktop/Officemart/build/reports/tests/1676286213392.3.png
Page source: file:/C:/Users/99559/Desktop/Officemart/build/reports/tests/1676286213392.3.html
Timeout: 4 s.
Caused by: ElementClickInterceptedException: element click intercepted: Element <div class="search">...</div> is not clickable at point (1455, 23). Other element would receive the click: <div class="modal-overlay" style="z-index: 1002; display: block; opacity: 0.5;"></div>
at com.codeborne.selenide.impl.ExceptionWrapper.wrap(ExceptionWrapper.java:26)
at com.codeborne.selenide.impl.SelenideElementProxy.dispatchAndRetry(SelenideElementProxy.java:153)
at com.codeborne.selenide.impl.SelenideElementProxy.invoke(SelenideElementProxy.java:83)
at jdk.proxy2/jdk.proxy2.$Proxy12.click(Unknown Source)
at StepObject.SearchSteps.GotoSearchPage(SearchSteps.java:11)
at Office1.Test5(Office1.java:83)
at java.base/java.util.ArrayList.forEach(ArrayList.java:1511)
at java.base/java.util.concurrent.FutureTask.run(FutureTask.java:317)
at java.base/java.util.concurrent.ThreadPoolExecutor.runWorker(ThreadPoolExecutor.java:1144)
at java.base/java.util.concurrent.ThreadPoolExecutor$Worker.run(ThreadPoolExecutor.java:642)
at java.base/java.lang.Thread.run(Thread.java:1589)
Caused by: org.openqa.selenium.ElementClickInterceptedException: element click intercepted: Element <div class="search">...</div> is not clickable at point (1455, 23). Other element would receive the click: <div class="modal-overlay" style="z-index: 1002; display: block; opacity: 0.5;"></div>
  (Session info: chrome=109.0.5414.120)
Build info: version: '4.8.0', revision: '267030adea'
System info: os.name: 'Windows 11', os.arch: 'amd64', os.version: '10.0', java.version: '19.0.2'
Driver info: org.openqa.selenium.chrome.ChromeDriver
Command: [db19b51aa582ddb02f292bceb659c89d, clickElement {id=259a2417-ac7f-4e71-aa3b-0a05b3f48fb0}]
Capabilities {acceptInsecureCerts: true, browserName: chrome, browserVersion: 109.0.5414.120, chrome: {chromedriverVersion: 109.0.5414.74 (e7c5703604da..., userDataDir: C:\Users\99559\AppData\Loca...}, goog:chromeOptions: {debuggerAddress: localhost:60460}, networkConnectionEnabled: false, pageLoadStrategy: normal, platformName: WINDOWS, proxy: Proxy(), se:cdp: ws://localhost:60460/devtoo..., se:cdpVersion: 109.0.5414.120, setWindowRect: true, strictFileInteractability: false, timeouts: {implicit: 0, pageLoad: 300000, script: 30000}, unhandledPromptBehavior: accept, webauthn:extension:credBlob: true, webauthn:extension:largeBlob: true, webauthn:virtualAuthenticators: true}
Element: [[ChromeDriver: chrome on WINDOWS (db19b51aa582ddb02f292bceb659c89d)] -> css selector: .search]
Session ID: db19b51aa582ddb02f292bceb659c89d
at org.openqa.selenium.remote.codec.w3c.W3CHttpResponseCodec.createException(W3CHttpResponseCodec.java:200)
at org.openqa.selenium.remote.codec.w3c.W3CHttpResponseCodec.decode(W3CHttpResponseCodec.java:133)
at org.openqa.selenium.remote.codec.w3c.W3CHttpResponseCodec.decode(W3CHttpResponseCodec.java:53)
at org.openqa.selenium.remote.HttpCommandExecutor.execute(HttpCommandExecutor.java:184)
at org.openqa.selenium.remote.service.DriverCommandExecutor.invokeExecute(DriverCommandExecutor.java:167)
at org.openqa.selenium.remote.service.DriverCommandExecutor.execute(DriverCommandExecutor.java:142)
at org.openqa.selenium.remote.RemoteWebDriver.execute(RemoteWebDriver.java:543)
at org.openqa.selenium.remote.RemoteWebElement.execute(RemoteWebElement.java:257)
at org.openqa.selenium.remote.RemoteWebElement.click(RemoteWebElement.java:78)
at com.codeborne.selenide.commands.Click.defaultClick(Click.java:97)
at com.codeborne.selenide.commands.Click.click(Click.java:54)
at com.codeborne.selenide.commands.Click.execute(Click.java:31)
at com.codeborne.selenide.commands.Click.execute(Click.java:21)
at com.codeborne.selenide.commands.Commands.execute(Commands.java:159)
at com.codeborne.selenide.impl.SelenideElementProxy.dispatchAndRetry(SelenideElementProxy.java:131)
... 24 more
... Removed 18 stack frames]]>
    </failure>
  </testcase> <!-- Test5 -->
  <testcase classname="Office1" name="Test6" time="6.472">
    <failure type="com.codeborne.selenide.ex.InvalidStateException" message="Invalid element state [.search]: element click intercepted: Element &amp;lt;div class=&amp;quot;search&amp;quot;&amp;gt;...&amp;lt;/div&amp;gt; is not clickable at point (1455, 23). Other element would receive the click: &amp;lt;div class=&amp;quot;modal-overlay&amp;quot; style=&amp;quot;z-index: 1002; display: block; opacity: 0.5;&amp;quot;&amp;gt;&amp;lt;/div&amp;gt;
Screenshot: file:/C:/Users/99559/Desktop/Officemart/build/reports/tests/1676286218823.4.png
Page source: file:/C:/Users/99559/Desktop/Officemart/build/reports/tests/1676286218823.4.html
Timeout: 4 s.
Caused by: ElementClickInterceptedException: element click intercepted: Element &amp;lt;div class=&amp;quot;search&amp;quot;&amp;gt;...&amp;lt;/div&amp;gt; is not clickable at point (1455, 23). Other element would receive the click: &amp;lt;div class=&amp;quot;modal-overlay&amp;quot; style=&amp;quot;z-index: 1002; display: block; opacity: 0.5;&amp;quot;&amp;gt;&amp;lt;/div&amp;gt;">
      <![CDATA[Invalid element state [.search]: element click intercepted: Element <div class="search">...</div> is not clickable at point (1455, 23). Other element would receive the click: <div class="modal-overlay" style="z-index: 1002; display: block; opacity: 0.5;"></div>
Screenshot: file:/C:/Users/99559/Desktop/Officemart/build/reports/tests/1676286218823.4.png
Page source: file:/C:/Users/99559/Desktop/Officemart/build/reports/tests/1676286218823.4.html
Timeout: 4 s.
Caused by: ElementClickInterceptedException: element click intercepted: Element <div class="search">...</div> is not clickable at point (1455, 23). Other element would receive the click: <div class="modal-overlay" style="z-index: 1002; display: block; opacity: 0.5;"></div>
at com.codeborne.selenide.impl.ExceptionWrapper.wrap(ExceptionWrapper.java:26)
at com.codeborne.selenide.impl.SelenideElementProxy.dispatchAndRetry(SelenideElementProxy.java:153)
at com.codeborne.selenide.impl.SelenideElementProxy.invoke(SelenideElementProxy.java:83)
at jdk.proxy2/jdk.proxy2.$Proxy12.click(Unknown Source)
at StepObject.SearchSteps.GotoSearchPage(SearchSteps.java:11)
at Office1.Test6(Office1.java:109)
at java.base/java.util.ArrayList.forEach(ArrayList.java:1511)
at java.base/java.util.concurrent.FutureTask.run(FutureTask.java:317)
at java.base/java.util.concurrent.ThreadPoolExecutor.runWorker(ThreadPoolExecutor.java:1144)
at java.base/java.util.concurrent.ThreadPoolExecutor$Worker.run(ThreadPoolExecutor.java:642)
at java.base/java.lang.Thread.run(Thread.java:1589)
Caused by: org.openqa.selenium.ElementClickInterceptedException: element click intercepted: Element <div class="search">...</div> is not clickable at point (1455, 23). Other element would receive the click: <div class="modal-overlay" style="z-index: 1002; display: block; opacity: 0.5;"></div>
  (Session info: chrome=109.0.5414.120)
Build info: version: '4.8.0', revision: '267030adea'
System info: os.name: 'Windows 11', os.arch: 'amd64', os.version: '10.0', java.version: '19.0.2'
Driver info: org.openqa.selenium.chrome.ChromeDriver
Command: [db19b51aa582ddb02f292bceb659c89d, clickElement {id=259a2417-ac7f-4e71-aa3b-0a05b3f48fb0}]
Capabilities {acceptInsecureCerts: true, browserName: chrome, browserVersion: 109.0.5414.120, chrome: {chromedriverVersion: 109.0.5414.74 (e7c5703604da..., userDataDir: C:\Users\99559\AppData\Loca...}, goog:chromeOptions: {debuggerAddress: localhost:60460}, networkConnectionEnabled: false, pageLoadStrategy: normal, platformName: WINDOWS, proxy: Proxy(), se:cdp: ws://localhost:60460/devtoo..., se:cdpVersion: 109.0.5414.120, setWindowRect: true, strictFileInteractability: false, timeouts: {implicit: 0, pageLoad: 300000, script: 30000}, unhandledPromptBehavior: accept, webauthn:extension:credBlob: true, webauthn:extension:largeBlob: true, webauthn:virtualAuthenticators: true}
Element: [[ChromeDriver: chrome on WINDOWS (db19b51aa582ddb02f292bceb659c89d)] -> css selector: .search]
Session ID: db19b51aa582ddb02f292bceb659c89d
at org.openqa.selenium.remote.codec.w3c.W3CHttpResponseCodec.createException(W3CHttpResponseCodec.java:200)
at org.openqa.selenium.remote.codec.w3c.W3CHttpResponseCodec.decode(W3CHttpResponseCodec.java:133)
at org.openqa.selenium.remote.codec.w3c.W3CHttpResponseCodec.decode(W3CHttpResponseCodec.java:53)
at org.openqa.selenium.remote.HttpCommandExecutor.execute(HttpCommandExecutor.java:184)
at org.openqa.selenium.remote.service.DriverCommandExecutor.invokeExecute(DriverCommandExecutor.java:167)
at org.openqa.selenium.remote.service.DriverCommandExecutor.execute(DriverCommandExecutor.java:142)
at org.openqa.selenium.remote.RemoteWebDriver.execute(RemoteWebDriver.java:543)
at org.openqa.selenium.remote.RemoteWebElement.execute(RemoteWebElement.java:257)
at org.openqa.selenium.remote.RemoteWebElement.click(RemoteWebElement.java:78)
at com.codeborne.selenide.commands.Click.defaultClick(Click.java:97)
at com.codeborne.selenide.commands.Click.click(Click.java:54)
at com.codeborne.selenide.commands.Click.execute(Click.java:31)
at com.codeborne.selenide.commands.Click.execute(Click.java:21)
at com.codeborne.selenide.commands.Commands.execute(Commands.java:159)
at com.codeborne.selenide.impl.SelenideElementProxy.dispatchAndRetry(SelenideElementProxy.java:131)
... 24 more
... Removed 18 stack frames]]>
    </failure>
  </testcase> <!-- Test6 -->
  <testcase classname="Office1" name="test10" time="5.307">
    <failure type="com.codeborne.selenide.ex.InvalidStateException" message="Invalid element state [.search]: element click intercepted: Element &amp;lt;div class=&amp;quot;search&amp;quot;&amp;gt;...&amp;lt;/div&amp;gt; is not clickable at point (1455, 23). Other element would receive the click: &amp;lt;div class=&amp;quot;modal-overlay&amp;quot; style=&amp;quot;z-index: 1002; display: block; opacity: 0.5;&amp;quot;&amp;gt;&amp;lt;/div&amp;gt;
Screenshot: file:/C:/Users/99559/Desktop/Officemart/build/reports/tests/1676286225337.5.png
Page source: file:/C:/Users/99559/Desktop/Officemart/build/reports/tests/1676286225337.5.html
Timeout: 4 s.
Caused by: ElementClickInterceptedException: element click intercepted: Element &amp;lt;div class=&amp;quot;search&amp;quot;&amp;gt;...&amp;lt;/div&amp;gt; is not clickable at point (1455, 23). Other element would receive the click: &amp;lt;div class=&amp;quot;modal-overlay&amp;quot; style=&amp;quot;z-index: 1002; display: block; opacity: 0.5;&amp;quot;&amp;gt;&amp;lt;/div&amp;gt;">
      <![CDATA[Invalid element state [.search]: element click intercepted: Element <div class="search">...</div> is not clickable at point (1455, 23). Other element would receive the click: <div class="modal-overlay" style="z-index: 1002; display: block; opacity: 0.5;"></div>
Screenshot: file:/C:/Users/99559/Desktop/Officemart/build/reports/tests/1676286225337.5.png
Page source: file:/C:/Users/99559/Desktop/Officemart/build/reports/tests/1676286225337.5.html
Timeout: 4 s.
Caused by: ElementClickInterceptedException: element click intercepted: Element <div class="search">...</div> is not clickable at point (1455, 23). Other element would receive the click: <div class="modal-overlay" style="z-index: 1002; display: block; opacity: 0.5;"></div>
at com.codeborne.selenide.impl.ExceptionWrapper.wrap(ExceptionWrapper.java:26)
at com.codeborne.selenide.impl.SelenideElementProxy.dispatchAndRetry(SelenideElementProxy.java:153)
at com.codeborne.selenide.impl.SelenideElementProxy.invoke(SelenideElementProxy.java:83)
at jdk.proxy2/jdk.proxy2.$Proxy12.click(Unknown Source)
at Office1.test10(Office1.java:157)
at java.base/java.util.ArrayList.forEach(ArrayList.java:1511)
at java.base/java.util.concurrent.FutureTask.run(FutureTask.java:317)
at java.base/java.util.concurrent.ThreadPoolExecutor.runWorker(ThreadPoolExecutor.java:1144)
at java.base/java.util.concurrent.ThreadPoolExecutor$Worker.run(ThreadPoolExecutor.java:642)
at java.base/java.lang.Thread.run(Thread.java:1589)
Caused by: org.openqa.selenium.ElementClickInterceptedException: element click intercepted: Element <div class="search">...</div> is not clickable at point (1455, 23). Other element would receive the click: <div class="modal-overlay" style="z-index: 1002; display: block; opacity: 0.5;"></div>
  (Session info: chrome=109.0.5414.120)
Build info: version: '4.8.0', revision: '267030adea'
System info: os.name: 'Windows 11', os.arch: 'amd64', os.version: '10.0', java.version: '19.0.2'
Driver info: org.openqa.selenium.chrome.ChromeDriver
Command: [db19b51aa582ddb02f292bceb659c89d, clickElement {id=259a2417-ac7f-4e71-aa3b-0a05b3f48fb0}]
Capabilities {acceptInsecureCerts: true, browserName: chrome, browserVersion: 109.0.5414.120, chrome: {chromedriverVersion: 109.0.5414.74 (e7c5703604da..., userDataDir: C:\Users\99559\AppData\Loca...}, goog:chromeOptions: {debuggerAddress: localhost:60460}, networkConnectionEnabled: false, pageLoadStrategy: normal, platformName: WINDOWS, proxy: Proxy(), se:cdp: ws://localhost:60460/devtoo..., se:cdpVersion: 109.0.5414.120, setWindowRect: true, strictFileInteractability: false, timeouts: {implicit: 0, pageLoad: 300000, script: 30000}, unhandledPromptBehavior: accept, webauthn:extension:credBlob: true, webauthn:extension:largeBlob: true, webauthn:virtualAuthenticators: true}
Element: [[ChromeDriver: chrome on WINDOWS (db19b51aa582ddb02f292bceb659c89d)] -> css selector: .search]
Session ID: db19b51aa582ddb02f292bceb659c89d
at org.openqa.selenium.remote.codec.w3c.W3CHttpResponseCodec.createException(W3CHttpResponseCodec.java:200)
at org.openqa.selenium.remote.codec.w3c.W3CHttpResponseCodec.decode(W3CHttpResponseCodec.java:133)
at org.openqa.selenium.remote.codec.w3c.W3CHttpResponseCodec.decode(W3CHttpResponseCodec.java:53)
at org.openqa.selenium.remote.HttpCommandExecutor.execute(HttpCommandExecutor.java:184)
at org.openqa.selenium.remote.service.DriverCommandExecutor.invokeExecute(DriverCommandExecutor.java:167)
at org.openqa.selenium.remote.service.DriverCommandExecutor.execute(DriverCommandExecutor.java:142)
at org.openqa.selenium.remote.RemoteWebDriver.execute(RemoteWebDriver.java:543)
at org.openqa.selenium.remote.RemoteWebElement.execute(RemoteWebElement.java:257)
at org.openqa.selenium.remote.RemoteWebElement.click(RemoteWebElement.java:78)
at com.codeborne.selenide.commands.Click.defaultClick(Click.java:97)
at com.codeborne.selenide.commands.Click.click(Click.java:54)
at com.codeborne.selenide.commands.Click.execute(Click.java:31)
at com.codeborne.selenide.commands.Click.execute(Click.java:21)
at com.codeborne.selenide.commands.Commands.execute(Commands.java:159)
at com.codeborne.selenide.impl.SelenideElementProxy.dispatchAndRetry(SelenideElementProxy.java:131)
... 23 more
... Removed 18 stack frames]]>
    </failure>
  </testcase> <!-- test10 -->
  <testcase classname="Office1" name="test4" time="5.869">
    <failure type="com.codeborne.selenide.ex.InvalidStateException" message="Invalid element state [.search]: element click intercepted: Element &amp;lt;div class=&amp;quot;search&amp;quot;&amp;gt;...&amp;lt;/div&amp;gt; is not clickable at point (1455, 23). Other element would receive the click: &amp;lt;div class=&amp;quot;modal-overlay&amp;quot; style=&amp;quot;z-index: 1002; display: block; opacity: 0.5;&amp;quot;&amp;gt;&amp;lt;/div&amp;gt;
Screenshot: file:/C:/Users/99559/Desktop/Officemart/build/reports/tests/1676286230660.6.png
Page source: file:/C:/Users/99559/Desktop/Officemart/build/reports/tests/1676286230660.6.html
Timeout: 4 s.
Caused by: ElementClickInterceptedException: element click intercepted: Element &amp;lt;div class=&amp;quot;search&amp;quot;&amp;gt;...&amp;lt;/div&amp;gt; is not clickable at point (1455, 23). Other element would receive the click: &amp;lt;div class=&amp;quot;modal-overlay&amp;quot; style=&amp;quot;z-index: 1002; display: block; opacity: 0.5;&amp;quot;&amp;gt;&amp;lt;/div&amp;gt;">
      <![CDATA[Invalid element state [.search]: element click intercepted: Element <div class="search">...</div> is not clickable at point (1455, 23). Other element would receive the click: <div class="modal-overlay" style="z-index: 1002; display: block; opacity: 0.5;"></div>
Screenshot: file:/C:/Users/99559/Desktop/Officemart/build/reports/tests/1676286230660.6.png
Page source: file:/C:/Users/99559/Desktop/Officemart/build/reports/tests/1676286230660.6.html
Timeout: 4 s.
Caused by: ElementClickInterceptedException: element click intercepted: Element <div class="search">...</div> is not clickable at point (1455, 23). Other element would receive the click: <div class="modal-overlay" style="z-index: 1002; display: block; opacity: 0.5;"></div>
at com.codeborne.selenide.impl.ExceptionWrapper.wrap(ExceptionWrapper.java:26)
at com.codeborne.selenide.impl.SelenideElementProxy.dispatchAndRetry(SelenideElementProxy.java:153)
at com.codeborne.selenide.impl.SelenideElementProxy.invoke(SelenideElementProxy.java:83)
at jdk.proxy2/jdk.proxy2.$Proxy12.click(Unknown Source)
at Office1.test4(Office1.java:47)
at java.base/java.util.ArrayList.forEach(ArrayList.java:1511)
at java.base/java.util.concurrent.FutureTask.run(FutureTask.java:317)
at java.base/java.util.concurrent.ThreadPoolExecutor.runWorker(ThreadPoolExecutor.java:1144)
at java.base/java.util.concurrent.ThreadPoolExecutor$Worker.run(ThreadPoolExecutor.java:642)
at java.base/java.lang.Thread.run(Thread.java:1589)
Caused by: org.openqa.selenium.ElementClickInterceptedException: element click intercepted: Element <div class="search">...</div> is not clickable at point (1455, 23). Other element would receive the click: <div class="modal-overlay" style="z-index: 1002; display: block; opacity: 0.5;"></div>
  (Session info: chrome=109.0.5414.120)
Build info: version: '4.8.0', revision: '267030adea'
System info: os.name: 'Windows 11', os.arch: 'amd64', os.version: '10.0', java.version: '19.0.2'
Driver info: org.openqa.selenium.chrome.ChromeDriver
Command: [db19b51aa582ddb02f292bceb659c89d, clickElement {id=259a2417-ac7f-4e71-aa3b-0a05b3f48fb0}]
Capabilities {acceptInsecureCerts: true, browserName: chrome, browserVersion: 109.0.5414.120, chrome: {chromedriverVersion: 109.0.5414.74 (e7c5703604da..., userDataDir: C:\Users\99559\AppData\Loca...}, goog:chromeOptions: {debuggerAddress: localhost:60460}, networkConnectionEnabled: false, pageLoadStrategy: normal, platformName: WINDOWS, proxy: Proxy(), se:cdp: ws://localhost:60460/devtoo..., se:cdpVersion: 109.0.5414.120, setWindowRect: true, strictFileInteractability: false, timeouts: {implicit: 0, pageLoad: 300000, script: 30000}, unhandledPromptBehavior: accept, webauthn:extension:credBlob: true, webauthn:extension:largeBlob: true, webauthn:virtualAuthenticators: true}
Element: [[ChromeDriver: chrome on WINDOWS (db19b51aa582ddb02f292bceb659c89d)] -> css selector: .search]
Session ID: db19b51aa582ddb02f292bceb659c89d
at org.openqa.selenium.remote.codec.w3c.W3CHttpResponseCodec.createException(W3CHttpResponseCodec.java:200)
at org.openqa.selenium.remote.codec.w3c.W3CHttpResponseCodec.decode(W3CHttpResponseCodec.java:133)
at org.openqa.selenium.remote.codec.w3c.W3CHttpResponseCodec.decode(W3CHttpResponseCodec.java:53)
at org.openqa.selenium.remote.HttpCommandExecutor.execute(HttpCommandExecutor.java:184)
at org.openqa.selenium.remote.service.DriverCommandExecutor.invokeExecute(DriverCommandExecutor.java:167)
at org.openqa.selenium.remote.service.DriverCommandExecutor.execute(DriverCommandExecutor.java:142)
at org.openqa.selenium.remote.RemoteWebDriver.execute(RemoteWebDriver.java:543)
at org.openqa.selenium.remote.RemoteWebElement.execute(RemoteWebElement.java:257)
at org.openqa.selenium.remote.RemoteWebElement.click(RemoteWebElement.java:78)
at com.codeborne.selenide.commands.Click.defaultClick(Click.java:97)
at com.codeborne.selenide.commands.Click.click(Click.java:54)
at com.codeborne.selenide.commands.Click.execute(Click.java:31)
at com.codeborne.selenide.commands.Click.execute(Click.java:21)
at com.codeborne.selenide.commands.Commands.execute(Commands.java:159)
at com.codeborne.selenide.impl.SelenideElementProxy.dispatchAndRetry(SelenideElementProxy.java:131)
... 23 more
... Removed 18 stack frames]]>
    </failure>
  </testcase> <!-- test4 -->
  <testcase classname="Office1" name="test5" time="5.373">
    <failure type="com.codeborne.selenide.ex.ElementNotFound" message="Element not found {.form_group}
Expected: interactable
Page source: file:/C:/Users/99559/Desktop/Officemart/build/reports/tests/1676286236965.7.html
Timeout: 4 s.
Caused by: NoSuchWindowException: no such window: target window already closed">
      <![CDATA[Element not found {.form_group}
Expected: interactable
Page source: file:/C:/Users/99559/Desktop/Officemart/build/reports/tests/1676286236965.7.html
Timeout: 4 s.
Caused by: NoSuchWindowException: no such window: target window already closed
at com.codeborne.selenide.impl.WebElementSource.createElementNotFoundError(WebElementSource.java:88)
at com.codeborne.selenide.impl.ElementFinder.createElementNotFoundError(ElementFinder.java:142)
at com.codeborne.selenide.impl.WebElementSource.handleError(WebElementSource.java:140)
at com.codeborne.selenide.impl.WebElementSource.checkConditionAndReturnElement(WebElementSource.java:124)
at com.codeborne.selenide.impl.WebElementSource.findAndAssertElementIsInteractable(WebElementSource.java:158)
at com.codeborne.selenide.commands.Click.findElement(Click.java:46)
at com.codeborne.selenide.commands.Click.execute(Click.java:28)
at com.codeborne.selenide.commands.Click.execute(Click.java:21)
at com.codeborne.selenide.commands.Commands.execute(Commands.java:159)
at com.codeborne.selenide.impl.SelenideElementProxy.dispatchAndRetry(SelenideElementProxy.java:131)
at com.codeborne.selenide.impl.SelenideElementProxy.invoke(SelenideElementProxy.java:83)
at jdk.proxy2/jdk.proxy2.$Proxy12.click(Unknown Source)
at Office1.test5(Office1.java:71)
at java.base/java.util.ArrayList.forEach(ArrayList.java:1511)
at java.base/java.util.concurrent.FutureTask.run(FutureTask.java:317)
at java.base/java.util.concurrent.ThreadPoolExecutor.runWorker(ThreadPoolExecutor.java:1144)
at java.base/java.util.concurrent.ThreadPoolExecutor$Worker.run(ThreadPoolExecutor.java:642)
at java.base/java.lang.Thread.run(Thread.java:1589)
Caused by: org.openqa.selenium.NoSuchWindowException: no such window: target window already closed
from unknown error: web view not found
  (Session info: chrome=109.0.5414.120)
Build info: version: '4.8.0', revision: '267030adea'
System info: os.name: 'Windows 11', os.arch: 'amd64', os.version: '10.0', java.version: '19.0.2'
Driver info: org.openqa.selenium.chrome.ChromeDriver
Command: [db19b51aa582ddb02f292bceb659c89d, findElement {using=css selector, value=.form_group}]
Capabilities {acceptInsecureCerts: true, browserName: chrome, browserVersion: 109.0.5414.120, chrome: {chromedriverVersion: 109.0.5414.74 (e7c5703604da..., userDataDir: C:\Users\99559\AppData\Loca...}, goog:chromeOptions: {debuggerAddress: localhost:60460}, networkConnectionEnabled: false, pageLoadStrategy: normal, platformName: WINDOWS, proxy: Proxy(), se:cdp: ws://localhost:60460/devtoo..., se:cdpVersion: 109.0.5414.120, setWindowRect: true, strictFileInteractability: false, timeouts: {implicit: 0, pageLoad: 300000, script: 30000}, unhandledPromptBehavior: accept, webauthn:extension:credBlob: true, webauthn:extension:largeBlob: true, webauthn:virtualAuthenticators: true}
Session ID: db19b51aa582ddb02f292bceb659c89d
at org.openqa.selenium.remote.codec.w3c.W3CHttpResponseCodec.createException(W3CHttpResponseCodec.java:200)
at org.openqa.selenium.remote.codec.w3c.W3CHttpResponseCodec.decode(W3CHttpResponseCodec.java:133)
at org.openqa.selenium.remote.codec.w3c.W3CHttpResponseCodec.decode(W3CHttpResponseCodec.java:53)
at org.openqa.selenium.remote.HttpCommandExecutor.execute(HttpCommandExecutor.java:184)
at org.openqa.selenium.remote.service.DriverCommandExecutor.invokeExecute(DriverCommandExecutor.java:167)
at org.openqa.selenium.remote.service.DriverCommandExecutor.execute(DriverCommandExecutor.java:142)
at org.openqa.selenium.remote.RemoteWebDriver.execute(RemoteWebDriver.java:543)
at org.openqa.selenium.remote.ElementLocation$ElementFinder$2.findElement(ElementLocation.java:162)
at org.openqa.selenium.remote.ElementLocation.findElement(ElementLocation.java:60)
at org.openqa.selenium.remote.RemoteWebDriver.findElement(RemoteWebDriver.java:352)
at org.openqa.selenium.remote.RemoteWebDriver.findElement(RemoteWebDriver.java:344)
at com.codeborne.selenide.impl.WebElementSelector.findElement(WebElementSelector.java:70)
at com.codeborne.selenide.impl.WebElementSelector.findElement(WebElementSelector.java:44)
at com.codeborne.selenide.impl.WebElementSelector.findElement(WebElementSelector.java:33)
at com.codeborne.selenide.impl.ElementFinder.getWebElement(ElementFinder.java:122)
at com.codeborne.selenide.impl.WebElementSource.checkConditionAndReturnElement(WebElementSource.java:113)
... 29 more
... Removed 18 stack frames]]>
    </failure>
  </testcase> <!-- test5 -->
  <testcase classname="Office1" name="test6" time="4.173">
    <failure type="com.codeborne.selenide.ex.ElementNotFound" message="Element not found {.search}
Expected: interactable
Page source: file:/C:/Users/99559/Desktop/Officemart/build/reports/tests/1676286241145.8.html
Timeout: 4 s.
Caused by: NoSuchWindowException: no such window: target window already closed">
      <![CDATA[Element not found {.search}
Expected: interactable
Page source: file:/C:/Users/99559/Desktop/Officemart/build/reports/tests/1676286241145.8.html
Timeout: 4 s.
Caused by: NoSuchWindowException: no such window: target window already closed
at com.codeborne.selenide.impl.WebElementSource.createElementNotFoundError(WebElementSource.java:88)
at com.codeborne.selenide.impl.ElementFinder.createElementNotFoundError(ElementFinder.java:142)
at com.codeborne.selenide.impl.WebElementSource.handleError(WebElementSource.java:140)
at com.codeborne.selenide.impl.WebElementSource.checkConditionAndReturnElement(WebElementSource.java:124)
at com.codeborne.selenide.impl.WebElementSource.findAndAssertElementIsInteractable(WebElementSource.java:158)
at com.codeborne.selenide.commands.Click.findElement(Click.java:46)
at com.codeborne.selenide.commands.Click.execute(Click.java:28)
at com.codeborne.selenide.commands.Click.execute(Click.java:21)
at com.codeborne.selenide.commands.Commands.execute(Commands.java:159)
at com.codeborne.selenide.impl.SelenideElementProxy.dispatchAndRetry(SelenideElementProxy.java:131)
at com.codeborne.selenide.impl.SelenideElementProxy.invoke(SelenideElementProxy.java:83)
at jdk.proxy2/jdk.proxy2.$Proxy12.click(Unknown Source)
at Office1.test6(Office1.java:96)
at java.base/java.util.ArrayList.forEach(ArrayList.java:1511)
at java.base/java.util.concurrent.FutureTask.run(FutureTask.java:317)
at java.base/java.util.concurrent.ThreadPoolExecutor.runWorker(ThreadPoolExecutor.java:1144)
at java.base/java.util.concurrent.ThreadPoolExecutor$Worker.run(ThreadPoolExecutor.java:642)
at java.base/java.lang.Thread.run(Thread.java:1589)
Caused by: org.openqa.selenium.NoSuchWindowException: no such window: target window already closed
from unknown error: web view not found
  (Session info: chrome=109.0.5414.120)
Build info: version: '4.8.0', revision: '267030adea'
System info: os.name: 'Windows 11', os.arch: 'amd64', os.version: '10.0', java.version: '19.0.2'
Driver info: org.openqa.selenium.chrome.ChromeDriver
Command: [db19b51aa582ddb02f292bceb659c89d, findElement {using=css selector, value=.search}]
Capabilities {acceptInsecureCerts: true, browserName: chrome, browserVersion: 109.0.5414.120, chrome: {chromedriverVersion: 109.0.5414.74 (e7c5703604da..., userDataDir: C:\Users\99559\AppData\Loca...}, goog:chromeOptions: {debuggerAddress: localhost:60460}, networkConnectionEnabled: false, pageLoadStrategy: normal, platformName: WINDOWS, proxy: Proxy(), se:cdp: ws://localhost:60460/devtoo..., se:cdpVersion: 109.0.5414.120, setWindowRect: true, strictFileInteractability: false, timeouts: {implicit: 0, pageLoad: 300000, script: 30000}, unhandledPromptBehavior: accept, webauthn:extension:credBlob: true, webauthn:extension:largeBlob: true, webauthn:virtualAuthenticators: true}
Session ID: db19b51aa582ddb02f292bceb659c89d
at org.openqa.selenium.remote.codec.w3c.W3CHttpResponseCodec.createException(W3CHttpResponseCodec.java:200)
at org.openqa.selenium.remote.codec.w3c.W3CHttpResponseCodec.decode(W3CHttpResponseCodec.java:133)
at org.openqa.selenium.remote.codec.w3c.W3CHttpResponseCodec.decode(W3CHttpResponseCodec.java:53)
at org.openqa.selenium.remote.HttpCommandExecutor.execute(HttpCommandExecutor.java:184)
at org.openqa.selenium.remote.service.DriverCommandExecutor.invokeExecute(DriverCommandExecutor.java:167)
at org.openqa.selenium.remote.service.DriverCommandExecutor.execute(DriverCommandExecutor.java:142)
at org.openqa.selenium.remote.RemoteWebDriver.execute(RemoteWebDriver.java:543)
at org.openqa.selenium.remote.ElementLocation$ElementFinder$2.findElement(ElementLocation.java:162)
at org.openqa.selenium.remote.ElementLocation.findElement(ElementLocation.java:60)
at org.openqa.selenium.remote.RemoteWebDriver.findElement(RemoteWebDriver.java:352)
at org.openqa.selenium.remote.RemoteWebDriver.findElement(RemoteWebDriver.java:344)
at com.codeborne.selenide.impl.WebElementSelector.findElement(WebElementSelector.java:70)
at com.codeborne.selenide.impl.WebElementSelector.findElement(WebElementSelector.java:44)
at com.codeborne.selenide.impl.WebElementSelector.findElement(WebElementSelector.java:33)
at com.codeborne.selenide.impl.ElementFinder.getWebElement(ElementFinder.java:122)
at com.codeborne.selenide.impl.WebElementSource.checkConditionAndReturnElement(WebElementSource.java:113)
... 29 more
... Removed 18 stack frames]]>
    </failure>
  </testcase> <!-- test6 -->
  <testcase classname="Office1" name="test7" time="4.142">
    <failure type="com.codeborne.selenide.ex.ElementNotFound" message="Element not found {.search}
Expected: interactable
Page source: file:/C:/Users/99559/Desktop/Officemart/build/reports/tests/1676286245293.9.html
Timeout: 4 s.
Caused by: NoSuchWindowException: no such window: target window already closed">
      <![CDATA[Element not found {.search}
Expected: interactable
Page source: file:/C:/Users/99559/Desktop/Officemart/build/reports/tests/1676286245293.9.html
Timeout: 4 s.
Caused by: NoSuchWindowException: no such window: target window already closed
at com.codeborne.selenide.impl.WebElementSource.createElementNotFoundError(WebElementSource.java:88)
at com.codeborne.selenide.impl.ElementFinder.createElementNotFoundError(ElementFinder.java:142)
at com.codeborne.selenide.impl.WebElementSource.handleError(WebElementSource.java:140)
at com.codeborne.selenide.impl.WebElementSource.checkConditionAndReturnElement(WebElementSource.java:124)
at com.codeborne.selenide.impl.WebElementSource.findAndAssertElementIsInteractable(WebElementSource.java:158)
at com.codeborne.selenide.commands.Click.findElement(Click.java:46)
at com.codeborne.selenide.commands.Click.execute(Click.java:28)
at com.codeborne.selenide.commands.Click.execute(Click.java:21)
at com.codeborne.selenide.commands.Commands.execute(Commands.java:159)
at com.codeborne.selenide.impl.SelenideElementProxy.dispatchAndRetry(SelenideElementProxy.java:131)
at com.codeborne.selenide.impl.SelenideElementProxy.invoke(SelenideElementProxy.java:83)
at jdk.proxy2/jdk.proxy2.$Proxy12.click(Unknown Source)
at Office1.test7(Office1.java:120)
at java.base/java.util.ArrayList.forEach(ArrayList.java:1511)
at java.base/java.util.concurrent.FutureTask.run(FutureTask.java:317)
at java.base/java.util.concurrent.ThreadPoolExecutor.runWorker(ThreadPoolExecutor.java:1144)
at java.base/java.util.concurrent.ThreadPoolExecutor$Worker.run(ThreadPoolExecutor.java:642)
at java.base/java.lang.Thread.run(Thread.java:1589)
Caused by: org.openqa.selenium.NoSuchWindowException: no such window: target window already closed
from unknown error: web view not found
  (Session info: chrome=109.0.5414.120)
Build info: version: '4.8.0', revision: '267030adea'
System info: os.name: 'Windows 11', os.arch: 'amd64', os.version: '10.0', java.version: '19.0.2'
Driver info: org.openqa.selenium.chrome.ChromeDriver
Command: [db19b51aa582ddb02f292bceb659c89d, findElement {using=css selector, value=.search}]
Capabilities {acceptInsecureCerts: true, browserName: chrome, browserVersion: 109.0.5414.120, chrome: {chromedriverVersion: 109.0.5414.74 (e7c5703604da..., userDataDir: C:\Users\99559\AppData\Loca...}, goog:chromeOptions: {debuggerAddress: localhost:60460}, networkConnectionEnabled: false, pageLoadStrategy: normal, platformName: WINDOWS, proxy: Proxy(), se:cdp: ws://localhost:60460/devtoo..., se:cdpVersion: 109.0.5414.120, setWindowRect: true, strictFileInteractability: false, timeouts: {implicit: 0, pageLoad: 300000, script: 30000}, unhandledPromptBehavior: accept, webauthn:extension:credBlob: true, webauthn:extension:largeBlob: true, webauthn:virtualAuthenticators: true}
Session ID: db19b51aa582ddb02f292bceb659c89d
at org.openqa.selenium.remote.codec.w3c.W3CHttpResponseCodec.createException(W3CHttpResponseCodec.java:200)
at org.openqa.selenium.remote.codec.w3c.W3CHttpResponseCodec.decode(W3CHttpResponseCodec.java:133)
at org.openqa.selenium.remote.codec.w3c.W3CHttpResponseCodec.decode(W3CHttpResponseCodec.java:53)
at org.openqa.selenium.remote.HttpCommandExecutor.execute(HttpCommandExecutor.java:184)
at org.openqa.selenium.remote.service.DriverCommandExecutor.invokeExecute(DriverCommandExecutor.java:167)
at org.openqa.selenium.remote.service.DriverCommandExecutor.execute(DriverCommandExecutor.java:142)
at org.openqa.selenium.remote.RemoteWebDriver.execute(RemoteWebDriver.java:543)
at org.openqa.selenium.remote.ElementLocation$ElementFinder$2.findElement(ElementLocation.java:162)
at org.openqa.selenium.remote.ElementLocation.findElement(ElementLocation.java:60)
at org.openqa.selenium.remote.RemoteWebDriver.findElement(RemoteWebDriver.java:352)
at org.openqa.selenium.remote.RemoteWebDriver.findElement(RemoteWebDriver.java:344)
at com.codeborne.selenide.impl.WebElementSelector.findElement(WebElementSelector.java:70)
at com.codeborne.selenide.impl.WebElementSelector.findElement(WebElementSelector.java:44)
at com.codeborne.selenide.impl.WebElementSelector.findElement(WebElementSelector.java:33)
at com.codeborne.selenide.impl.ElementFinder.getWebElement(ElementFinder.java:122)
at com.codeborne.selenide.impl.WebElementSource.checkConditionAndReturnElement(WebElementSource.java:113)
... 29 more
... Removed 18 stack frames]]>
    </failure>
  </testcase> <!-- test7 -->
  <testcase classname="Office1" name="test8" time="4.151">
    <failure type="com.codeborne.selenide.ex.ElementNotFound" message="Element not found {.search}
Expected: interactable
Page source: file:/C:/Users/99559/Desktop/Officemart/build/reports/tests/1676286249447.10.html
Timeout: 4 s.
Caused by: NoSuchWindowException: no such window: target window already closed">
      <![CDATA[Element not found {.search}
Expected: interactable
Page source: file:/C:/Users/99559/Desktop/Officemart/build/reports/tests/1676286249447.10.html
Timeout: 4 s.
Caused by: NoSuchWindowException: no such window: target window already closed
at com.codeborne.selenide.impl.WebElementSource.createElementNotFoundError(WebElementSource.java:88)
at com.codeborne.selenide.impl.ElementFinder.createElementNotFoundError(ElementFinder.java:142)
at com.codeborne.selenide.impl.WebElementSource.handleError(WebElementSource.java:140)
at com.codeborne.selenide.impl.WebElementSource.checkConditionAndReturnElement(WebElementSource.java:124)
at com.codeborne.selenide.impl.WebElementSource.findAndAssertElementIsInteractable(WebElementSource.java:158)
at com.codeborne.selenide.commands.Click.findElement(Click.java:46)
at com.codeborne.selenide.commands.Click.execute(Click.java:28)
at com.codeborne.selenide.commands.Click.execute(Click.java:21)
at com.codeborne.selenide.commands.Commands.execute(Commands.java:159)
at com.codeborne.selenide.impl.SelenideElementProxy.dispatchAndRetry(SelenideElementProxy.java:131)
at com.codeborne.selenide.impl.SelenideElementProxy.invoke(SelenideElementProxy.java:83)
at jdk.proxy2/jdk.proxy2.$Proxy12.click(Unknown Source)
at Office1.test8(Office1.java:133)
at java.base/java.util.ArrayList.forEach(ArrayList.java:1511)
at java.base/java.util.concurrent.FutureTask.run(FutureTask.java:317)
at java.base/java.util.concurrent.ThreadPoolExecutor.runWorker(ThreadPoolExecutor.java:1144)
at java.base/java.util.concurrent.ThreadPoolExecutor$Worker.run(ThreadPoolExecutor.java:642)
at java.base/java.lang.Thread.run(Thread.java:1589)
Caused by: org.openqa.selenium.NoSuchWindowException: no such window: target window already closed
from unknown error: web view not found
  (Session info: chrome=109.0.5414.120)
Build info: version: '4.8.0', revision: '267030adea'
System info: os.name: 'Windows 11', os.arch: 'amd64', os.version: '10.0', java.version: '19.0.2'
Driver info: org.openqa.selenium.chrome.ChromeDriver
Command: [db19b51aa582ddb02f292bceb659c89d, findElement {using=css selector, value=.search}]
Capabilities {acceptInsecureCerts: true, browserName: chrome, browserVersion: 109.0.5414.120, chrome: {chromedriverVersion: 109.0.5414.74 (e7c5703604da..., userDataDir: C:\Users\99559\AppData\Loca...}, goog:chromeOptions: {debuggerAddress: localhost:60460}, networkConnectionEnabled: false, pageLoadStrategy: normal, platformName: WINDOWS, proxy: Proxy(), se:cdp: ws://localhost:60460/devtoo..., se:cdpVersion: 109.0.5414.120, setWindowRect: true, strictFileInteractability: false, timeouts: {implicit: 0, pageLoad: 300000, script: 30000}, unhandledPromptBehavior: accept, webauthn:extension:credBlob: true, webauthn:extension:largeBlob: true, webauthn:virtualAuthenticators: true}
Session ID: db19b51aa582ddb02f292bceb659c89d
at org.openqa.selenium.remote.codec.w3c.W3CHttpResponseCodec.createException(W3CHttpResponseCodec.java:200)
at org.openqa.selenium.remote.codec.w3c.W3CHttpResponseCodec.decode(W3CHttpResponseCodec.java:133)
at org.openqa.selenium.remote.codec.w3c.W3CHttpResponseCodec.decode(W3CHttpResponseCodec.java:53)
at org.openqa.selenium.remote.HttpCommandExecutor.execute(HttpCommandExecutor.java:184)
at org.openqa.selenium.remote.service.DriverCommandExecutor.invokeExecute(DriverCommandExecutor.java:167)
at org.openqa.selenium.remote.service.DriverCommandExecutor.execute(DriverCommandExecutor.java:142)
at org.openqa.selenium.remote.RemoteWebDriver.execute(RemoteWebDriver.java:543)
at org.openqa.selenium.remote.ElementLocation$ElementFinder$2.findElement(ElementLocation.java:162)
at org.openqa.selenium.remote.ElementLocation.findElement(ElementLocation.java:60)
at org.openqa.selenium.remote.RemoteWebDriver.findElement(RemoteWebDriver.java:352)
at org.openqa.selenium.remote.RemoteWebDriver.findElement(RemoteWebDriver.java:344)
at com.codeborne.selenide.impl.WebElementSelector.findElement(WebElementSelector.java:70)
at com.codeborne.selenide.impl.WebElementSelector.findElement(WebElementSelector.java:44)
at com.codeborne.selenide.impl.WebElementSelector.findElement(WebElementSelector.java:33)
at com.codeborne.selenide.impl.ElementFinder.getWebElement(ElementFinder.java:122)
at com.codeborne.selenide.impl.WebElementSource.checkConditionAndReturnElement(WebElementSource.java:113)
... 29 more
... Removed 18 stack frames]]>
    </failure>
  </testcase> <!-- test8 -->
  <testcase classname="Office1" name="test9" time="4.15">
    <failure type="com.codeborne.selenide.ex.ElementNotFound" message="Element not found {.search}
Expected: interactable
Page source: file:/C:/Users/99559/Desktop/Officemart/build/reports/tests/1676286253603.11.html
Timeout: 4 s.
Caused by: NoSuchWindowException: no such window: target window already closed">
      <![CDATA[Element not found {.search}
Expected: interactable
Page source: file:/C:/Users/99559/Desktop/Officemart/build/reports/tests/1676286253603.11.html
Timeout: 4 s.
Caused by: NoSuchWindowException: no such window: target window already closed
at com.codeborne.selenide.impl.WebElementSource.createElementNotFoundError(WebElementSource.java:88)
at com.codeborne.selenide.impl.ElementFinder.createElementNotFoundError(ElementFinder.java:142)
at com.codeborne.selenide.impl.WebElementSource.handleError(WebElementSource.java:140)
at com.codeborne.selenide.impl.WebElementSource.checkConditionAndReturnElement(WebElementSource.java:124)
at com.codeborne.selenide.impl.WebElementSource.findAndAssertElementIsInteractable(WebElementSource.java:158)
at com.codeborne.selenide.commands.Click.findElement(Click.java:46)
at com.codeborne.selenide.commands.Click.execute(Click.java:28)
at com.codeborne.selenide.commands.Click.execute(Click.java:21)
at com.codeborne.selenide.commands.Commands.execute(Commands.java:159)
at com.codeborne.selenide.impl.SelenideElementProxy.dispatchAndRetry(SelenideElementProxy.java:131)
at com.codeborne.selenide.impl.SelenideElementProxy.invoke(SelenideElementProxy.java:83)
at jdk.proxy2/jdk.proxy2.$Proxy12.click(Unknown Source)
at Office1.test9(Office1.java:145)
at java.base/java.util.ArrayList.forEach(ArrayList.java:1511)
at java.base/java.util.concurrent.FutureTask.run(FutureTask.java:317)
at java.base/java.util.concurrent.ThreadPoolExecutor.runWorker(ThreadPoolExecutor.java:1144)
at java.base/java.util.concurrent.ThreadPoolExecutor$Worker.run(ThreadPoolExecutor.java:642)
at java.base/java.lang.Thread.run(Thread.java:1589)
Caused by: org.openqa.selenium.NoSuchWindowException: no such window: target window already closed
from unknown error: web view not found
  (Session info: chrome=109.0.5414.120)
Build info: version: '4.8.0', revision: '267030adea'
System info: os.name: 'Windows 11', os.arch: 'amd64', os.version: '10.0', java.version: '19.0.2'
Driver info: org.openqa.selenium.chrome.ChromeDriver
Command: [db19b51aa582ddb02f292bceb659c89d, findElement {using=css selector, value=.search}]
Capabilities {acceptInsecureCerts: true, browserName: chrome, browserVersion: 109.0.5414.120, chrome: {chromedriverVersion: 109.0.5414.74 (e7c5703604da..., userDataDir: C:\Users\99559\AppData\Loca...}, goog:chromeOptions: {debuggerAddress: localhost:60460}, networkConnectionEnabled: false, pageLoadStrategy: normal, platformName: WINDOWS, proxy: Proxy(), se:cdp: ws://localhost:60460/devtoo..., se:cdpVersion: 109.0.5414.120, setWindowRect: true, strictFileInteractability: false, timeouts: {implicit: 0, pageLoad: 300000, script: 30000}, unhandledPromptBehavior: accept, webauthn:extension:credBlob: true, webauthn:extension:largeBlob: true, webauthn:virtualAuthenticators: true}
Session ID: db19b51aa582ddb02f292bceb659c89d
at org.openqa.selenium.remote.codec.w3c.W3CHttpResponseCodec.createException(W3CHttpResponseCodec.java:200)
at org.openqa.selenium.remote.codec.w3c.W3CHttpResponseCodec.decode(W3CHttpResponseCodec.java:133)
at org.openqa.selenium.remote.codec.w3c.W3CHttpResponseCodec.decode(W3CHttpResponseCodec.java:53)
at org.openqa.selenium.remote.HttpCommandExecutor.execute(HttpCommandExecutor.java:184)
at org.openqa.selenium.remote.service.DriverCommandExecutor.invokeExecute(DriverCommandExecutor.java:167)
at org.openqa.selenium.remote.service.DriverCommandExecutor.execute(DriverCommandExecutor.java:142)
at org.openqa.selenium.remote.RemoteWebDriver.execute(RemoteWebDriver.java:543)
at org.openqa.selenium.remote.ElementLocation$ElementFinder$2.findElement(ElementLocation.java:162)
at org.openqa.selenium.remote.ElementLocation.findElement(ElementLocation.java:60)
at org.openqa.selenium.remote.RemoteWebDriver.findElement(RemoteWebDriver.java:352)
at org.openqa.selenium.remote.RemoteWebDriver.findElement(RemoteWebDriver.java:344)
at com.codeborne.selenide.impl.WebElementSelector.findElement(WebElementSelector.java:70)
at com.codeborne.selenide.impl.WebElementSelector.findElement(WebElementSelector.java:44)
at com.codeborne.selenide.impl.WebElementSelector.findElement(WebElementSelector.java:33)
at com.codeborne.selenide.impl.ElementFinder.getWebElement(ElementFinder.java:122)
at com.codeborne.selenide.impl.WebElementSource.checkConditionAndReturnElement(WebElementSource.java:113)
... 29 more
... Removed 18 stack frames]]>
    </failure>
  </testcase> <!-- test9 -->
</testsuite> <!-- TestSuit1 -->
