{"uuid":"94f3911d-3f77-4519-a8eb-233cd79ed9ae","historyId":"4497bec6b01fa3d34e5c614388dad052","fullName":"Officemart.Test16","labels":[{"name":"package","value":"Officemart"},{"name":"testClass","value":"Officemart"},{"name":"testMethod","value":"Test16"},{"name":"parentSuite","value":"Default Suite"},{"name":"suite","value":"Office1.java"},{"name":"subSuite","value":"Officemart"},{"name":"host","value":"DatoPC"},{"name":"thread","value":"12104@DatoPC.main(1)"},{"name":"framework","value":"testng"},{"name":"language","value":"java"}],"links":[],"name":"Test16","status":"failed","statusDetails":{"known":false,"muted":false,"flaky":false,"message":"Invalid element state [.search]: element click intercepted: Element <div class=\"search\">...</div> is not clickable at point (1455, 23). Other element would receive the click: <div class=\"modal-overlay\" style=\"z-index: 1002; display: block; opacity: 0.5;\"></div>\r\nScreenshot: file:/C:/Users/99559/Desktop/Officemart/build/reports/tests/1676742579329.6.png\r\nPage source: file:/C:/Users/99559/Desktop/Officemart/build/reports/tests/1676742579329.6.html\r\nTimeout: 4 s.\r\nCaused by: ElementClickInterceptedException: element click intercepted: Element <div class=\"search\">...</div> is not clickable at point (1455, 23). Other element would receive the click: <div class=\"modal-overlay\" style=\"z-index: 1002; display: block; opacity: 0.5;\"></div>","trace":"Invalid element state [.search]: element click intercepted: Element <div class=\"search\">...</div> is not clickable at point (1455, 23). Other element would receive the click: <div class=\"modal-overlay\" style=\"z-index: 1002; display: block; opacity: 0.5;\"></div>\r\nScreenshot: file:/C:/Users/99559/Desktop/Officemart/build/reports/tests/1676742579329.6.png\r\nPage source: file:/C:/Users/99559/Desktop/Officemart/build/reports/tests/1676742579329.6.html\r\nTimeout: 4 s.\r\nCaused by: ElementClickInterceptedException: element click intercepted: Element <div class=\"search\">...</div> is not clickable at point (1455, 23). Other element would receive the click: <div class=\"modal-overlay\" style=\"z-index: 1002; display: block; opacity: 0.5;\"></div>\r\n\tat com.codeborne.selenide.impl.ExceptionWrapper.wrap(ExceptionWrapper.java:26)\r\n\tat com.codeborne.selenide.impl.SelenideElementProxy.dispatchAndRetry(SelenideElementProxy.java:153)\r\n\tat com.codeborne.selenide.impl.SelenideElementProxy.invoke(SelenideElementProxy.java:83)\r\n\tat jdk.proxy2/jdk.proxy2.$Proxy16.click(Unknown Source)\r\n\tat StepObject.SearchSteps.GotoSearchPage(SearchSteps.java:11)\r\n\tat Officemart.Test16(Officemart.java:243)\r\n\tat java.base/jdk.internal.reflect.DirectMethodHandleAccessor.invoke(DirectMethodHandleAccessor.java:104)\r\n\tat java.base/java.lang.reflect.Method.invoke(Method.java:578)\r\n\tat org.testng.internal.invokers.MethodInvocationHelper.invokeMethod(MethodInvocationHelper.java:139)\r\n\tat org.testng.internal.invokers.TestInvoker.invokeMethod(TestInvoker.java:677)\r\n\tat org.testng.internal.invokers.TestInvoker.invokeTestMethod(TestInvoker.java:221)\r\n\tat org.testng.internal.invokers.MethodRunner.runInSequence(MethodRunner.java:50)\r\n\tat org.testng.internal.invokers.TestInvoker$MethodInvocationAgent.invoke(TestInvoker.java:969)\r\n\tat org.testng.internal.invokers.TestInvoker.invokeTestMethods(TestInvoker.java:194)\r\n\tat org.testng.internal.invokers.TestMethodWorker.invokeTestMethods(TestMethodWorker.java:148)\r\n\tat org.testng.internal.invokers.TestMethodWorker.run(TestMethodWorker.java:128)\r\n\tat java.base/java.util.ArrayList.forEach(ArrayList.java:1511)\r\n\tat org.testng.TestRunner.privateRun(TestRunner.java:829)\r\n\tat org.testng.TestRunner.run(TestRunner.java:602)\r\n\tat org.testng.SuiteRunner.runTest(SuiteRunner.java:437)\r\n\tat org.testng.SuiteRunner.runSequentially(SuiteRunner.java:431)\r\n\tat org.testng.SuiteRunner.privateRun(SuiteRunner.java:391)\r\n\tat org.testng.SuiteRunner.run(SuiteRunner.java:330)\r\n\tat org.testng.SuiteRunnerWorker.runSuite(SuiteRunnerWorker.java:52)\r\n\tat org.testng.SuiteRunnerWorker.run(SuiteRunnerWorker.java:95)\r\n\tat org.testng.TestNG.runSuitesSequentially(TestNG.java:1256)\r\n\tat org.testng.TestNG.runSuitesLocally(TestNG.java:1176)\r\n\tat org.testng.TestNG.runSuites(TestNG.java:1099)\r\n\tat org.testng.TestNG.run(TestNG.java:1067)\r\n\tat com.intellij.rt.testng.IDEARemoteTestNG.run(IDEARemoteTestNG.java:66)\r\n\tat com.intellij.rt.testng.RemoteTestNGStarter.main(RemoteTestNGStarter.java:109)\r\nCaused by: org.openqa.selenium.ElementClickInterceptedException: element click intercepted: Element <div class=\"search\">...</div> is not clickable at point (1455, 23). Other element would receive the click: <div class=\"modal-overlay\" style=\"z-index: 1002; display: block; opacity: 0.5;\"></div>\n  (Session info: chrome=109.0.5414.122)\nBuild info: version: '4.8.0', revision: '267030adea'\nSystem info: os.name: 'Windows 11', os.arch: 'amd64', os.version: '10.0', java.version: '19.0.2'\nDriver info: org.openqa.selenium.chrome.ChromeDriver\nCommand: [91242a957b7fa9a76e72cc3ff95c6f37, clickElement {id=5982fccf-745b-401a-8d4c-95d19caee140}]\nCapabilities {acceptInsecureCerts: true, browserName: chrome, browserVersion: 109.0.5414.122, chrome: {chromedriverVersion: 109.0.5414.74 (e7c5703604da..., userDataDir: C:\\Users\\99559\\AppData\\Loca...}, goog:chromeOptions: {debuggerAddress: localhost:57740}, networkConnectionEnabled: false, pageLoadStrategy: normal, platformName: WINDOWS, proxy: Proxy(), se:cdp: ws://localhost:57740/devtoo..., se:cdpVersion: 109.0.5414.122, setWindowRect: true, strictFileInteractability: false, timeouts: {implicit: 0, pageLoad: 300000, script: 30000}, unhandledPromptBehavior: accept, webauthn:extension:credBlob: true, webauthn:extension:largeBlob: true, webauthn:virtualAuthenticators: true}\nElement: [[ChromeDriver: chrome on WINDOWS (91242a957b7fa9a76e72cc3ff95c6f37)] -> css selector: .search]\nSession ID: 91242a957b7fa9a76e72cc3ff95c6f37\r\n\tat java.base/jdk.internal.reflect.DirectConstructorHandleAccessor.newInstance(DirectConstructorHandleAccessor.java:67)\r\n\tat java.base/java.lang.reflect.Constructor.newInstanceWithCaller(Constructor.java:500)\r\n\tat java.base/java.lang.reflect.Constructor.newInstance(Constructor.java:484)\r\n\tat org.openqa.selenium.remote.codec.w3c.W3CHttpResponseCodec.createException(W3CHttpResponseCodec.java:200)\r\n\tat org.openqa.selenium.remote.codec.w3c.W3CHttpResponseCodec.decode(W3CHttpResponseCodec.java:133)\r\n\tat org.openqa.selenium.remote.codec.w3c.W3CHttpResponseCodec.decode(W3CHttpResponseCodec.java:53)\r\n\tat org.openqa.selenium.remote.HttpCommandExecutor.execute(HttpCommandExecutor.java:184)\r\n\tat org.openqa.selenium.remote.service.DriverCommandExecutor.invokeExecute(DriverCommandExecutor.java:167)\r\n\tat org.openqa.selenium.remote.service.DriverCommandExecutor.execute(DriverCommandExecutor.java:142)\r\n\tat org.openqa.selenium.remote.RemoteWebDriver.execute(RemoteWebDriver.java:543)\r\n\tat org.openqa.selenium.remote.RemoteWebElement.execute(RemoteWebElement.java:257)\r\n\tat org.openqa.selenium.remote.RemoteWebElement.click(RemoteWebElement.java:78)\r\n\tat com.codeborne.selenide.commands.Click.defaultClick(Click.java:97)\r\n\tat com.codeborne.selenide.commands.Click.click(Click.java:54)\r\n\tat com.codeborne.selenide.commands.Click.execute(Click.java:31)\r\n\tat com.codeborne.selenide.commands.Click.execute(Click.java:21)\r\n\tat com.codeborne.selenide.commands.Commands.execute(Commands.java:159)\r\n\tat com.codeborne.selenide.impl.SelenideElementProxy.dispatchAndRetry(SelenideElementProxy.java:131)\r\n\t... 29 more\r\n"},"stage":"finished","description":"Continue button disappeared","steps":[],"attachments":[],"parameters":[],"start":1676742574434,"stop":1676742579864}