{"uuid":"ea31cbdc-962b-411e-be54-1a45d90f657a","historyId":"56cb0d8bcf46b29e3050b0d8cfdf6b69","fullName":"Officemart.Test26","labels":[{"name":"package","value":"Officemart"},{"name":"testClass","value":"Officemart"},{"name":"testMethod","value":"Test26"},{"name":"parentSuite","value":"Automation Suite"},{"name":"suite","value":"TestSuit1"},{"name":"subSuite","value":"Officemart"},{"name":"host","value":"DatoPC"},{"name":"thread","value":"13140@DatoPC.TestNG-tests-1(38)"},{"name":"framework","value":"testng"},{"name":"language","value":"java"}],"links":[],"name":"Test26","status":"failed","statusDetails":{"known":false,"muted":false,"flaky":false,"message":"Invalid element state [.form_group]: element click intercepted: Element <div class=\"form_group\">...</div> is not clickable at point (645, 322). Other element would receive the click: <div class=\"modal-overlay\" style=\"z-index: 1002; display: block; opacity: 0.5;\"></div>\r\nScreenshot: file:/C:/Users/99559/Desktop/Officemart/build/reports/tests/1676741714924.12.png\r\nPage source: file:/C:/Users/99559/Desktop/Officemart/build/reports/tests/1676741714924.12.html\r\nTimeout: 4 s.\r\nCaused by: ElementClickInterceptedException: element click intercepted: Element <div class=\"form_group\">...</div> is not clickable at point (645, 322). Other element would receive the click: <div class=\"modal-overlay\" style=\"z-index: 1002; display: block; opacity: 0.5;\"></div>","trace":"Invalid element state [.form_group]: element click intercepted: Element <div class=\"form_group\">...</div> is not clickable at point (645, 322). Other element would receive the click: <div class=\"modal-overlay\" style=\"z-index: 1002; display: block; opacity: 0.5;\"></div>\r\nScreenshot: file:/C:/Users/99559/Desktop/Officemart/build/reports/tests/1676741714924.12.png\r\nPage source: file:/C:/Users/99559/Desktop/Officemart/build/reports/tests/1676741714924.12.html\r\nTimeout: 4 s.\r\nCaused by: ElementClickInterceptedException: element click intercepted: Element <div class=\"form_group\">...</div> is not clickable at point (645, 322). Other element would receive the click: <div class=\"modal-overlay\" style=\"z-index: 1002; display: block; opacity: 0.5;\"></div>\r\n\tat com.codeborne.selenide.impl.ExceptionWrapper.wrap(ExceptionWrapper.java:26)\r\n\tat com.codeborne.selenide.impl.SelenideElementProxy.dispatchAndRetry(SelenideElementProxy.java:153)\r\n\tat com.codeborne.selenide.impl.SelenideElementProxy.invoke(SelenideElementProxy.java:83)\r\n\tat jdk.proxy2/jdk.proxy2.$Proxy13.click(Unknown Source)\r\n\tat StepObject.SearchSteps.Searchform(SearchSteps.java:17)\r\n\tat Officemart.Test26(Officemart.java:451)\r\n\tat java.base/jdk.internal.reflect.DirectMethodHandleAccessor.invoke(DirectMethodHandleAccessor.java:104)\r\n\tat java.base/java.lang.reflect.Method.invoke(Method.java:578)\r\n\tat org.testng.internal.invokers.MethodInvocationHelper.invokeMethod(MethodInvocationHelper.java:139)\r\n\tat org.testng.internal.invokers.TestInvoker.invokeMethod(TestInvoker.java:677)\r\n\tat org.testng.internal.invokers.TestInvoker.invokeTestMethod(TestInvoker.java:221)\r\n\tat org.testng.internal.invokers.MethodRunner.runInSequence(MethodRunner.java:50)\r\n\tat org.testng.internal.invokers.TestInvoker$MethodInvocationAgent.invoke(TestInvoker.java:969)\r\n\tat org.testng.internal.invokers.TestInvoker.invokeTestMethods(TestInvoker.java:194)\r\n\tat org.testng.internal.invokers.TestMethodWorker.invokeTestMethods(TestMethodWorker.java:148)\r\n\tat org.testng.internal.invokers.TestMethodWorker.run(TestMethodWorker.java:128)\r\n\tat java.base/java.util.ArrayList.forEach(ArrayList.java:1511)\r\n\tat org.testng.TestRunner.privateRun(TestRunner.java:829)\r\n\tat org.testng.TestRunner.run(TestRunner.java:602)\r\n\tat org.testng.SuiteRunner.runTest(SuiteRunner.java:437)\r\n\tat org.testng.SuiteRunner$SuiteWorker.run(SuiteRunner.java:475)\r\n\tat org.testng.internal.thread.ThreadUtil.lambda$execute$0(ThreadUtil.java:58)\r\n\tat java.base/java.util.concurrent.FutureTask.run(FutureTask.java:317)\r\n\tat java.base/java.util.concurrent.ThreadPoolExecutor.runWorker(ThreadPoolExecutor.java:1144)\r\n\tat java.base/java.util.concurrent.ThreadPoolExecutor$Worker.run(ThreadPoolExecutor.java:642)\r\n\tat java.base/java.lang.Thread.run(Thread.java:1589)\r\nCaused by: org.openqa.selenium.ElementClickInterceptedException: element click intercepted: Element <div class=\"form_group\">...</div> is not clickable at point (645, 322). Other element would receive the click: <div class=\"modal-overlay\" style=\"z-index: 1002; display: block; opacity: 0.5;\"></div>\n  (Session info: chrome=109.0.5414.122)\nBuild info: version: '4.8.0', revision: '267030adea'\nSystem info: os.name: 'Windows 11', os.arch: 'amd64', os.version: '10.0', java.version: '19.0.2'\nDriver info: org.openqa.selenium.chrome.ChromeDriver\nCommand: [f0de3375ce9c86157e5517edb012dd1f, clickElement {id=b6fcb0d9-9bc9-455f-b692-90ab1b9f6168}]\nCapabilities {acceptInsecureCerts: true, browserName: chrome, browserVersion: 109.0.5414.122, chrome: {chromedriverVersion: 109.0.5414.74 (e7c5703604da..., userDataDir: C:\\Users\\99559\\AppData\\Loca...}, goog:chromeOptions: {debuggerAddress: localhost:56779}, networkConnectionEnabled: false, pageLoadStrategy: normal, platformName: WINDOWS, proxy: Proxy(), se:cdp: ws://localhost:56779/devtoo..., se:cdpVersion: 109.0.5414.122, setWindowRect: true, strictFileInteractability: false, timeouts: {implicit: 0, pageLoad: 300000, script: 30000}, unhandledPromptBehavior: accept, webauthn:extension:credBlob: true, webauthn:extension:largeBlob: true, webauthn:virtualAuthenticators: true}\nElement: [[ChromeDriver: chrome on WINDOWS (f0de3375ce9c86157e5517edb012dd1f)] -> css selector: .form_group]\nSession ID: f0de3375ce9c86157e5517edb012dd1f\r\n\tat java.base/jdk.internal.reflect.DirectConstructorHandleAccessor.newInstance(DirectConstructorHandleAccessor.java:67)\r\n\tat java.base/java.lang.reflect.Constructor.newInstanceWithCaller(Constructor.java:500)\r\n\tat java.base/java.lang.reflect.Constructor.newInstance(Constructor.java:484)\r\n\tat org.openqa.selenium.remote.codec.w3c.W3CHttpResponseCodec.createException(W3CHttpResponseCodec.java:200)\r\n\tat org.openqa.selenium.remote.codec.w3c.W3CHttpResponseCodec.decode(W3CHttpResponseCodec.java:133)\r\n\tat org.openqa.selenium.remote.codec.w3c.W3CHttpResponseCodec.decode(W3CHttpResponseCodec.java:53)\r\n\tat org.openqa.selenium.remote.HttpCommandExecutor.execute(HttpCommandExecutor.java:184)\r\n\tat org.openqa.selenium.remote.service.DriverCommandExecutor.invokeExecute(DriverCommandExecutor.java:167)\r\n\tat org.openqa.selenium.remote.service.DriverCommandExecutor.execute(DriverCommandExecutor.java:142)\r\n\tat org.openqa.selenium.remote.RemoteWebDriver.execute(RemoteWebDriver.java:543)\r\n\tat org.openqa.selenium.remote.RemoteWebElement.execute(RemoteWebElement.java:257)\r\n\tat org.openqa.selenium.remote.RemoteWebElement.click(RemoteWebElement.java:78)\r\n\tat com.codeborne.selenide.commands.Click.defaultClick(Click.java:97)\r\n\tat com.codeborne.selenide.commands.Click.click(Click.java:54)\r\n\tat com.codeborne.selenide.commands.Click.execute(Click.java:31)\r\n\tat com.codeborne.selenide.commands.Click.execute(Click.java:21)\r\n\tat com.codeborne.selenide.commands.Commands.execute(Commands.java:159)\r\n\tat com.codeborne.selenide.impl.SelenideElementProxy.dispatchAndRetry(SelenideElementProxy.java:131)\r\n\t... 24 more\r\n"},"stage":"finished","description":"No value should be entered","steps":[],"attachments":[],"parameters":[],"start":1676741709279,"stop":1676741715136}